#
# There is insufficient memory for the Java Runtime Environment to continue.
# Native memory allocation (mmap) failed to map 536870912 bytes for Failed to commit area from 0x0000000601c00000 to 0x0000000621c00000 of length 536870912.
# Possible reasons:
#   The system is out of physical RAM or swap space
#   The process is running with CompressedOops enabled, and the Java Heap may be blocking the growth of the native heap
# Possible solutions:
#   Reduce memory load on the system
#   Increase physical memory or swap space
#   Check if swap backing store is full
#   Decrease Java heap size (-Xmx/-Xms)
#   Decrease number of Java threads
#   Decrease Java thread stack sizes (-Xss)
#   Set larger code cache with -XX:ReservedCodeCacheSize=
# This output file may be truncated or incomplete.
#
#  Out of Memory Error (./src/hotspot/os/windows/os_windows.cpp:3303), pid=23820, tid=27852
#
# JRE version:  (11.0.8+10) (build )
# Java VM: OpenJDK 64-Bit Server VM (11.0.8+10-b944.6842174, mixed mode, sharing, tiered, compressed oops, g1 gc, windows-amd64)
# No core dump will be written. Minidumps are not enabled by default on client versions of Windows
#

---------------  S U M M A R Y ------------

Command Line: 

Host: Intel(R) Core(TM) i7-6700 CPU @ 3.40GHz, 8 cores, 31G,  Windows 10 , 64 bit Build 19041 (10.0.19041.1503)
Time: Wed Mar  9 09:49:06 2022 SA Pacific Standard Time elapsed time: 0 seconds (0d 0h 0m 0s)

---------------  T H R E A D  ---------------

Current thread (0x0000022cc5bfd800):  JavaThread "Unknown thread" [_thread_in_vm, id=27852, stack(0x000000a23e800000,0x000000a23e900000)]

Stack: [0x000000a23e800000,0x000000a23e900000]
Native frames: (J=compiled Java code, j=interpreted, Vv=VM code, C=native code)
V  [jvm.dll+0x5de50a]
V  [jvm.dll+0x7122f5]
V  [jvm.dll+0x71384d]
V  [jvm.dll+0x713f03]
V  [jvm.dll+0x23e728]
V  [jvm.dll+0x5db9a4]
V  [jvm.dll+0x5d0ae5]
V  [jvm.dll+0x2fb20b]
V  [jvm.dll+0x2fb17a]
V  [jvm.dll+0x2fb052]
V  [jvm.dll+0x2fff16]
V  [jvm.dll+0x348743]
V  [jvm.dll+0x348e46]
V  [jvm.dll+0x348843]
V  [jvm.dll+0x2d5d68]
V  [jvm.dll+0x2d6f07]
V  [jvm.dll+0x6f11f7]
V  [jvm.dll+0x6f29ec]
V  [jvm.dll+0x355cb9]
V  [jvm.dll+0x6d4ade]
V  [jvm.dll+0x3bdfe3]
V  [jvm.dll+0x3c0201]
C  [jli.dll+0x5373]
C  [ucrtbase.dll+0x21bb2]
C  [KERNEL32.DLL+0x17034]
C  [ntdll.dll+0x52651]


---------------  P R O C E S S  ---------------

Threads class SMR info:
_java_thread_list=0x0000022cc5a033e0, length=0, elements={
}

Java Threads: ( => current thread )

Other Threads:
  0x0000022cc5c13800 GCTaskThread "GC Thread#0" [stack: 0x000000a23e900000,0x000000a23ea00000] [id=24384]
  0x0000022cc5c94800 ConcurrentGCThread "G1 Main Marker" [stack: 0x000000a23ea00000,0x000000a23eb00000] [id=35736]
  0x0000022cc5c95800 ConcurrentGCThread "G1 Conc#0" [stack: 0x000000a23eb00000,0x000000a23ec00000] [id=27740]

[error occurred during error reporting (printing all threads), id 0xc0000005, EXCEPTION_ACCESS_VIOLATION (0xc0000005) at pc=0x00007ffd1e5e6357]

VM state:not at safepoint (not fully initialized)

VM Mutex/Monitor currently owned by a thread:  ([mutex/lock_event])
[0x0000022cc5bf9f60] Heap_lock - owner thread: 0x0000022cc5bfd800

Heap address: 0x0000000601c00000, size: 8164 MB, Compressed Oops mode: Non-zero based: 0x0000000601c00000
Narrow klass base: 0x0000000000000000, Narrow klass shift: 0

GC Heap History (0 events):
No events

Deoptimization events (0 events):
No events

Classes redefined (0 events):
No events

Internal exceptions (0 events):
No events

Events (1 events):
Event: 0.010 Loaded shared library C:\Program Files\Android\Android Studio1\jre\bin\zip.dll


Dynamic libraries:
0x00007ff6fdaf0000 - 0x00007ff6fdafa000 	C:\Program Files\Android\Android Studio1\jre\bin\java.EXE
0x00007ffd60570000 - 0x00007ffd60765000 	C:\WINDOWS\SYSTEM32\ntdll.dll
0x00007ffd5fce0000 - 0x00007ffd5fd9e000 	C:\WINDOWS\System32\KERNEL32.DLL
0x00007ffd5de60000 - 0x00007ffd5e128000 	C:\WINDOWS\System32\KERNELBASE.dll
0x00007ffd5e240000 - 0x00007ffd5e340000 	C:\WINDOWS\System32\ucrtbase.dll
0x00007ffd5b2f0000 - 0x00007ffd5b307000 	C:\Program Files\Android\Android Studio1\jre\bin\VCRUNTIME140.dll
0x00007ffd59730000 - 0x00007ffd59749000 	C:\Program Files\Android\Android Studio1\jre\bin\jli.dll
0x00007ffd5fad0000 - 0x00007ffd5fc70000 	C:\WINDOWS\System32\USER32.dll
0x00007ffd45090000 - 0x00007ffd4532a000 	C:\WINDOWS\WinSxS\amd64_microsoft.windows.common-controls_6595b64144ccf1df_6.0.19041.1110_none_60b5254171f9507e\COMCTL32.dll
0x00007ffd5dd90000 - 0x00007ffd5ddb2000 	C:\WINDOWS\System32\win32u.dll
0x00007ffd5fa30000 - 0x00007ffd5face000 	C:\WINDOWS\System32\msvcrt.dll
0x00007ffd60470000 - 0x00007ffd6049b000 	C:\WINDOWS\System32\GDI32.dll
0x00007ffd5e130000 - 0x00007ffd5e23d000 	C:\WINDOWS\System32\gdi32full.dll
0x00007ffd5ddc0000 - 0x00007ffd5de5d000 	C:\WINDOWS\System32\msvcp_win.dll
0x00007ffd5fff0000 - 0x00007ffd60020000 	C:\WINDOWS\System32\IMM32.DLL
0x00007ffd24e90000 - 0x00007ffd24f2d000 	C:\Program Files\Android\Android Studio1\jre\bin\msvcp140.dll
0x00007ffd1e300000 - 0x00007ffd1edbc000 	C:\Program Files\Android\Android Studio1\jre\bin\server\jvm.dll
0x00007ffd5f910000 - 0x00007ffd5f9be000 	C:\WINDOWS\System32\ADVAPI32.dll
0x00007ffd5ef30000 - 0x00007ffd5efcc000 	C:\WINDOWS\System32\sechost.dll
0x00007ffd5e5c0000 - 0x00007ffd5e6e5000 	C:\WINDOWS\System32\RPCRT4.dll
0x00007ffd5eff0000 - 0x00007ffd5eff8000 	C:\WINDOWS\System32\PSAPI.DLL
0x00007ffd46550000 - 0x00007ffd46559000 	C:\WINDOWS\SYSTEM32\WSOCK32.dll
0x00007ffd57990000 - 0x00007ffd5799a000 	C:\WINDOWS\SYSTEM32\VERSION.dll
0x00007ffd5f9c0000 - 0x00007ffd5fa2b000 	C:\WINDOWS\System32\WS2_32.dll
0x00007ffd4cf60000 - 0x00007ffd4cf87000 	C:\WINDOWS\SYSTEM32\WINMM.dll
0x00007ffd5ba40000 - 0x00007ffd5ba52000 	C:\WINDOWS\SYSTEM32\kernel.appcore.dll
0x00007ffd59690000 - 0x00007ffd596a1000 	C:\Program Files\Android\Android Studio1\jre\bin\verify.dll
0x00007ffd4a260000 - 0x00007ffd4a444000 	C:\WINDOWS\SYSTEM32\DBGHELP.DLL
0x00007ffd47fb0000 - 0x00007ffd47fdc000 	C:\WINDOWS\SYSTEM32\dbgcore.DLL
0x00007ffd5dcd0000 - 0x00007ffd5dd52000 	C:\WINDOWS\System32\bcryptPrimitives.dll
0x00007ffd56c90000 - 0x00007ffd56cb9000 	C:\Program Files\Android\Android Studio1\jre\bin\java.dll
0x00007ffd59720000 - 0x00007ffd5972b000 	C:\Program Files\Android\Android Studio1\jre\bin\jimage.dll
0x00007ffd58ae0000 - 0x00007ffd58af8000 	C:\Program Files\Android\Android Studio1\jre\bin\zip.dll

dbghelp: loaded successfully - version: 4.0.5 - missing functions: none
symbol engine: initialized successfully - sym options: 0x614 - pdb path: .;C:\Program Files\Android\Android Studio1\jre\bin;C:\WINDOWS\SYSTEM32;C:\WINDOWS\WinSxS\amd64_microsoft.windows.common-controls_6595b64144ccf1df_6.0.19041.1110_none_60b5254171f9507e;C:\Program Files\Android\Android Studio1\jre\bin\server

VM Arguments:
java_command: <unknown>
java_class_path (initial): .;
Launcher Type: SUN_STANDARD

[Global flags]
     intx CICompilerCount                          = 4                                         {product} {ergonomic}
     uint ConcGCThreads                            = 2                                         {product} {ergonomic}
     uint G1ConcRefinementThreads                  = 8                                         {product} {ergonomic}
   size_t G1HeapRegionSize                         = 2097152                                   {product} {ergonomic}
    uintx GCDrainStackTargetSize                   = 64                                        {product} {ergonomic}
   size_t InitialHeapSize                          = 536870912                                 {product} {ergonomic}
   size_t MarkStackSize                            = 4194304                                   {product} {ergonomic}
   size_t MaxHeapSize                              = 8560574464                                {product} {ergonomic}
   size_t MinHeapDeltaBytes                        = 2097152                                   {product} {ergonomic}
    uintx NonNMethodCodeHeapSize                   = 5836300                                {pd product} {ergonomic}
    uintx NonProfiledCodeHeapSize                  = 122910970                              {pd product} {ergonomic}
    uintx ProfiledCodeHeapSize                     = 122910970                              {pd product} {ergonomic}
    uintx ReservedCodeCacheSize                    = 251658240                              {pd product} {ergonomic}
     bool SegmentedCodeCache                       = true                                      {product} {ergonomic}
     bool UseCompressedClassPointers               = true                                 {lp64_product} {ergonomic}
     bool UseCompressedOops                        = true                                 {lp64_product} {ergonomic}
     bool UseG1GC                                  = true                                      {product} {ergonomic}
     bool UseLargePagesIndividualAllocation        = false                                  {pd product} {ergonomic}

Logging:
Log output configuration:
 #0: stdout all=warning uptime,level,tags
 #1: stderr all=off uptime,level,tags

Environment Variables:
JAVA_HOME=C:\Program Files\Java\jdk-12.0.1
CLASSPATH=.;
PATH=C:\Program Files (x86)\VMware\VMware Player\bin\;c:\program files\graphicsmagick-1.3.35-q16;C:\Program Files (x86)\Common Files\Oracle\Java\javapath;C:\Python38\Scripts\;C:\Python38\;C:\Program Files\Intel\iCLS Client\;C:\WINDOWS\system32;C:\WINDOWS;C:\WINDOWS\System32\Wbem;C:\WINDOWS\System32\WindowsPowerShell\v1.0\;C:\WINDOWS\System32\OpenSSH\;C:\ProgramData\chocolatey\bin;C:\Program Files\Git\cmd;C:\Program Files\Java\jdk-14.0.2\bin;C:\Program Files (x86)\Yarn\bin\;C:\composer;C:\src\flutter\bin;C:\Program Files\AdoptOpenJDK\jdk8u192-b12\bin;C:\Program Files\Java\jdk1.8.0_211\bin;C:\Android\android-sdk\tools;C:\Android\android-sdk\platform-tools;C:\Android\android-sdk\tools\bin;C:\WINDOWS\system32;C:\WINDOWS;C:\WINDOWS\System32\Wbem;C:\WINDOWS\System32\WindowsPowerShell\v1.0\;C:\WINDOWS\System32\OpenSSH\;C:\Program Files\Docker\Docker\resources\bin;C:\ProgramData\DockerDesktop\version-bin;C:\Program Files\Amazon\AWSCLI\bin\;C:\Program Files (x86)\Intel\Intel(R) Management Engine Components\DAL;C:\Program Files\Intel\Intel(R) Management Engine Components\DAL;C:\Program Files\nodejs\;C:\Ruby30-x64\bin;C:\Users\DanyelRoper\AppData\Local\Microsoft\WindowsApps;C:\Users\DanyelRoper\AppData\Local\Programs\Microsoft VS Code\bin;C:\Users\DanyelRoper\AppData\Local\atom\bin;C:\Users\DanyelRoper\AppData\Local\Android\Sdk\platform-tools;C:\Program Files\Java\jdk-14.0.2\bin;C:\Users\DanyelRoper\AppData\Local\Yarn\bin;C:\Users\DanyelRoper\AppData\Local\GitHubDesktop\bin;C:\PHP;C:\Users\DanyelRoper\AppData\Roaming\Composer\vendor\bin;C:\Users\DanyelRoper\AppData\Local\Microsoft\WindowsApps;C:\flutter\bin;C:\Users\DanyelRoper\AppData\Roaming\npm;
USERNAME=DanyelRoper
OS=Windows_NT
PROCESSOR_IDENTIFIER=Intel64 Family 6 Model 94 Stepping 3, GenuineIntel



---------------  S Y S T E M  ---------------

OS: Windows 10 , 64 bit Build 19041 (10.0.19041.1503)
OS uptime: 1 days 19:38 hours
HyperV virtualization detected

CPU:total 8 (initial active 8) (4 cores per cpu, 2 threads per core) family 6 model 94 stepping 3, cmov, cx8, fxsr, mmx, sse, sse2, sse3, ssse3, sse4.1, sse4.2, popcnt, avx, avx2, aes, clmul, erms, rtm, 3dnowpref, lzcnt, ht, tsc, tscinvbit, bmi1, bmi2, adx, fma

Memory: 4k page, system-wide physical 32655M (6450M free)
TotalPageFile size 37632M (AvailPageFile size 495M)
current process WorkingSet (physical memory assigned to process): 10M, peak: 10M
current process commit charge ("private bytes"): 60M, peak: 572M

vm_info: OpenJDK 64-Bit Server VM (11.0.8+10-b944.6842174) for windows-amd64 JRE (11.0.8+10-b944.6842174), built on Sep 19 2020 01:11:42 by "builder" with MS VC++ 14.0 (VS2015)

END.
