#
# There is insufficient memory for the Java Runtime Environment to continue.
# Native memory allocation (mmap) failed to map 536870912 bytes for Failed to commit area from 0x0000000601c00000 to 0x0000000621c00000 of length 536870912.
# Possible reasons:
#   The system is out of physical RAM or swap space
#   The process is running with CompressedOops enabled, and the Java Heap may be blocking the growth of the native heap
# Possible solutions:
#   Reduce memory load on the system
#   Increase physical memory or swap space
#   Check if swap backing store is full
#   Decrease Java heap size (-Xmx/-Xms)
#   Decrease number of Java threads
#   Decrease Java thread stack sizes (-Xss)
#   Set larger code cache with -XX:ReservedCodeCacheSize=
# This output file may be truncated or incomplete.
#
#  Out of Memory Error (t:/workspace/open/src/hotspot/os/windows/os_windows.cpp:3254), pid=37788, tid=33820
#
# JRE version:  (12.0.1+12) (build )
# Java VM: Java HotSpot(TM) 64-Bit Server VM (12.0.1+12, mixed mode, aot, sharing, tiered, compressed oops, g1 gc, windows-amd64)
# No core dump will be written. Minidumps are not enabled by default on client versions of Windows
#

---------------  S U M M A R Y ------------

Command Line: -Dorg.gradle.appname=gradlew org.gradle.wrapper.GradleWrapperMain -q -Ptarget-platform=android-x86 -Ptarget=C:\Users\DanyelRoper\Desktop\Personal\Frienderr\frienderr\lib\main.dart -Pdart-defines=Zmx1dHRlci5pbnNwZWN0b3Iuc3RydWN0dXJlZEVycm9ycz10cnVl,RkxVVFRFUl9XRUJfQVVUT19ERVRFQ1Q9dHJ1ZQ== -Pdart-obfuscation=false -Ptrack-widget-creation=true -Ptree-shake-icons=false -Pfilesystem-scheme=org-dartlang-root assembleDebug

Host: Intel(R) Core(TM) i7-6700 CPU @ 3.40GHz, 8 cores, 31G,  Windows 10 , 64 bit Build 19041 (10.0.19041.1503)
Time: Wed Mar  9 09:49:06 2022 SA Pacific Standard Time elapsed time: 0 seconds (0d 0h 0m 0s)

---------------  T H R E A D  ---------------

Current thread (0x000002c976d3b000):  JavaThread "Unknown thread" [_thread_in_vm, id=33820, stack(0x000000e6a1000000,0x000000e6a1100000)]

Stack: [0x000000e6a1000000,0x000000e6a1100000]
Native frames: (J=compiled Java code, j=interpreted, Vv=VM code, C=native code)
V  [jvm.dll+0x63948a]
V  [jvm.dll+0x78b31f]
V  [jvm.dll+0x78c9c1]
V  [jvm.dll+0x78d013]
V  [jvm.dll+0x262138]
V  [jvm.dll+0x63698a]
V  [jvm.dll+0x62b505]
V  [jvm.dll+0x31d9bc]
V  [jvm.dll+0x31d7ef]
V  [jvm.dll+0x323526]
V  [jvm.dll+0x370f76]
V  [jvm.dll+0x370750]
V  [jvm.dll+0x2f786a]
V  [jvm.dll+0x2f8af2]
V  [jvm.dll+0x7657b7]
V  [jvm.dll+0x766e95]
V  [jvm.dll+0x37f089]
V  [jvm.dll+0x749b14]
V  [jvm.dll+0x3ee48d]
V  [jvm.dll+0x3f03c1]
C  [jli.dll+0x51cf]
C  [ucrtbase.dll+0x21bb2]
C  [KERNEL32.DLL+0x17034]
C  [ntdll.dll+0x52651]


---------------  P R O C E S S  ---------------

Threads class SMR info:
_java_thread_list=0x00007ffcd78848e8, length=0, elements={
}

Java Threads: ( => current thread )

Other Threads:
  0x000002c976dbe000 GCTaskThread "GC Thread#0" [stack: 0x000000e6a1100000,0x000000e6a1200000] [id=33312]
  0x000002c976dd9000 ConcurrentGCThread "G1 Main Marker" [stack: 0x000000e6a1200000,0x000000e6a1300000] [id=35212]
  0x000002c976dda800 ConcurrentGCThread "G1 Conc#0" [stack: 0x000000e6a1300000,0x000000e6a1400000] [id=6732]

[error occurred during error reporting (printing all threads), id 0xc0000005, EXCEPTION_ACCESS_VIOLATION (0xc0000005) at pc=0x00007ffcd70b7a37]

VM state:not at safepoint (not fully initialized)

VM Mutex/Monitor currently owned by a thread:  ([mutex/lock_event])
[0x000002c976d375e0] Heap_lock - owner thread: 0x000002c976d3b000

Heap address: 0x0000000601c00000, size: 8164 MB, Compressed Oops mode: Non-zero based: 0x0000000601c00000
Narrow klass base: 0x0000000000000000, Narrow klass shift: 0

GC Heap History (0 events):
No events

Deoptimization events (0 events):
No events

Classes redefined (0 events):
No events

Internal exceptions (0 events):
No events

Events (0 events):
No events


Dynamic libraries:
0x00007ff6857a0000 - 0x00007ff6857af000 	C:\Program Files\Java\jdk-12.0.1\bin\java.exe
0x00007ffd60570000 - 0x00007ffd60765000 	C:\WINDOWS\SYSTEM32\ntdll.dll
0x00007ffd5fce0000 - 0x00007ffd5fd9e000 	C:\WINDOWS\System32\KERNEL32.DLL
0x00007ffd5de60000 - 0x00007ffd5e128000 	C:\WINDOWS\System32\KERNELBASE.dll
0x00007ffd5e240000 - 0x00007ffd5e340000 	C:\WINDOWS\System32\ucrtbase.dll
0x00007ffd5b2f0000 - 0x00007ffd5b308000 	C:\Program Files\Java\jdk-12.0.1\bin\jli.dll
0x00007ffd5f910000 - 0x00007ffd5f9be000 	C:\WINDOWS\System32\ADVAPI32.dll
0x00007ffd5fa30000 - 0x00007ffd5face000 	C:\WINDOWS\System32\msvcrt.dll
0x00007ffd5ef30000 - 0x00007ffd5efcc000 	C:\WINDOWS\System32\sechost.dll
0x00007ffd5e5c0000 - 0x00007ffd5e6e5000 	C:\WINDOWS\System32\RPCRT4.dll
0x00007ffd59730000 - 0x00007ffd59746000 	C:\Program Files\Java\jdk-12.0.1\bin\VCRUNTIME140.dll
0x00007ffd5fad0000 - 0x00007ffd5fc70000 	C:\WINDOWS\System32\USER32.dll
0x00007ffd5dd90000 - 0x00007ffd5ddb2000 	C:\WINDOWS\System32\win32u.dll
0x00007ffd60470000 - 0x00007ffd6049b000 	C:\WINDOWS\System32\GDI32.dll
0x00007ffd5e130000 - 0x00007ffd5e23d000 	C:\WINDOWS\System32\gdi32full.dll
0x00007ffd45090000 - 0x00007ffd4532a000 	C:\WINDOWS\WinSxS\amd64_microsoft.windows.common-controls_6595b64144ccf1df_6.0.19041.1110_none_60b5254171f9507e\COMCTL32.dll
0x00007ffd5ddc0000 - 0x00007ffd5de5d000 	C:\WINDOWS\System32\msvcp_win.dll
0x00007ffd57990000 - 0x00007ffd5799a000 	C:\WINDOWS\SYSTEM32\VERSION.dll
0x00007ffd5fff0000 - 0x00007ffd60020000 	C:\WINDOWS\System32\IMM32.DLL
0x00007ffd24e80000 - 0x00007ffd24f2a000 	C:\Program Files\Java\jdk-12.0.1\bin\msvcp140.dll
0x00007ffcd6db0000 - 0x00007ffcd7924000 	C:\Program Files\Java\jdk-12.0.1\bin\server\jvm.dll
0x00007ffd5eff0000 - 0x00007ffd5eff8000 	C:\WINDOWS\System32\PSAPI.DLL
0x00007ffd46550000 - 0x00007ffd46559000 	C:\WINDOWS\SYSTEM32\WSOCK32.dll
0x00007ffd5f9c0000 - 0x00007ffd5fa2b000 	C:\WINDOWS\System32\WS2_32.dll
0x00007ffd4cf60000 - 0x00007ffd4cf87000 	C:\WINDOWS\SYSTEM32\WINMM.dll
0x00007ffd5ba40000 - 0x00007ffd5ba52000 	C:\WINDOWS\SYSTEM32\kernel.appcore.dll
0x00007ffd59690000 - 0x00007ffd596a1000 	C:\Program Files\Java\jdk-12.0.1\bin\verify.dll
0x00007ffd4a260000 - 0x00007ffd4a444000 	C:\WINDOWS\SYSTEM32\DBGHELP.DLL
0x00007ffd47fb0000 - 0x00007ffd47fdc000 	C:\WINDOWS\SYSTEM32\dbgcore.DLL
0x00007ffd5dcd0000 - 0x00007ffd5dd52000 	C:\WINDOWS\System32\bcryptPrimitives.dll
0x00007ffd56c90000 - 0x00007ffd56cb6000 	C:\Program Files\Java\jdk-12.0.1\bin\java.dll
0x00007ffd58ae0000 - 0x00007ffd58af7000 	C:\Program Files\Java\jdk-12.0.1\bin\zip.dll
0x00007ffd59720000 - 0x00007ffd5972a000 	C:\Program Files\Java\jdk-12.0.1\bin\jimage.dll

dbghelp: loaded successfully - version: 4.0.5 - missing functions: none
symbol engine: initialized successfully - sym options: 0x614 - pdb path: .;C:\Program Files\Java\jdk-12.0.1\bin;C:\WINDOWS\SYSTEM32;C:\WINDOWS\WinSxS\amd64_microsoft.windows.common-controls_6595b64144ccf1df_6.0.19041.1110_none_60b5254171f9507e;C:\Program Files\Java\jdk-12.0.1\bin\server

VM Arguments:
jvm_args: -Dorg.gradle.appname=gradlew 
java_command: org.gradle.wrapper.GradleWrapperMain -q -Ptarget-platform=android-x86 -Ptarget=C:\Users\DanyelRoper\Desktop\Personal\Frienderr\frienderr\lib\main.dart -Pdart-defines=Zmx1dHRlci5pbnNwZWN0b3Iuc3RydWN0dXJlZEVycm9ycz10cnVl,RkxVVFRFUl9XRUJfQVVUT19ERVRFQ1Q9dHJ1ZQ== -Pdart-obfuscation=false -Ptrack-widget-creation=true -Ptree-shake-icons=false -Pfilesystem-scheme=org-dartlang-root assembleDebug
java_class_path (initial): C:\Users\DanyelRoper\Desktop\Personal\Frienderr\frienderr\android\\gradle\wrapper\gradle-wrapper.jar
Launcher Type: SUN_STANDARD

[Global flags]
     intx CICompilerCount                          = 4                                         {product} {ergonomic}
     uint ConcGCThreads                            = 2                                         {product} {ergonomic}
     uint G1ConcRefinementThreads                  = 8                                         {product} {ergonomic}
   size_t G1HeapRegionSize                         = 2097152                                   {product} {ergonomic}
    uintx GCDrainStackTargetSize                   = 64                                        {product} {ergonomic}
   size_t InitialHeapSize                          = 536870912                                 {product} {ergonomic}
   size_t MarkStackSize                            = 4194304                                   {product} {ergonomic}
   size_t MaxHeapSize                              = 8560574464                                {product} {ergonomic}
   size_t MinHeapDeltaBytes                        = 2097152                                   {product} {ergonomic}
    uintx NonNMethodCodeHeapSize                   = 5836300                                {pd product} {ergonomic}
    uintx NonProfiledCodeHeapSize                  = 122910970                              {pd product} {ergonomic}
    uintx ProfiledCodeHeapSize                     = 122910970                              {pd product} {ergonomic}
    uintx ReservedCodeCacheSize                    = 251658240                              {pd product} {ergonomic}
     bool SegmentedCodeCache                       = true                                      {product} {ergonomic}
     bool UseCompressedClassPointers               = true                                 {lp64_product} {ergonomic}
     bool UseCompressedOops                        = true                                 {lp64_product} {ergonomic}
     bool UseG1GC                                  = true                                      {product} {ergonomic}
     bool UseLargePagesIndividualAllocation        = false                                  {pd product} {ergonomic}

Logging:
Log output configuration:
 #0: stdout all=warning uptime,level,tags
 #1: stderr all=off uptime,level,tags

Environment Variables:
JAVA_HOME=C:\Program Files\Java\jdk-12.0.1
CLASSPATH=C:\Users\DanyelRoper\Desktop\Personal\Frienderr\frienderr\android\\gradle\wrapper\gradle-wrapper.jar
PATH=C:\Program Files (x86)\VMware\VMware Player\bin\;c:\program files\graphicsmagick-1.3.35-q16;C:\Program Files (x86)\Common Files\Oracle\Java\javapath;C:\Python38\Scripts\;C:\Python38\;C:\Program Files\Intel\iCLS Client\;C:\WINDOWS\system32;C:\WINDOWS;C:\WINDOWS\System32\Wbem;C:\WINDOWS\System32\WindowsPowerShell\v1.0\;C:\WINDOWS\System32\OpenSSH\;C:\ProgramData\chocolatey\bin;C:\Program Files\Git\cmd;C:\Program Files\Java\jdk-14.0.2\bin;C:\Program Files (x86)\Yarn\bin\;C:\composer;C:\src\flutter\bin;C:\Program Files\AdoptOpenJDK\jdk8u192-b12\bin;C:\Program Files\Java\jdk1.8.0_211\bin;C:\Android\android-sdk\tools;C:\Android\android-sdk\platform-tools;C:\Android\android-sdk\tools\bin;C:\WINDOWS\system32;C:\WINDOWS;C:\WINDOWS\System32\Wbem;C:\WINDOWS\System32\WindowsPowerShell\v1.0\;C:\WINDOWS\System32\OpenSSH\;C:\Program Files\Docker\Docker\resources\bin;C:\ProgramData\DockerDesktop\version-bin;C:\Program Files\Amazon\AWSCLI\bin\;C:\Program Files (x86)\Intel\Intel(R) Management Engine Components\DAL;C:\Program Files\Intel\Intel(R) Management Engine Components\DAL;C:\Program Files\nodejs\;C:\Ruby30-x64\bin;C:\Users\DanyelRoper\AppData\Local\Microsoft\WindowsApps;C:\Users\DanyelRoper\AppData\Local\Programs\Microsoft VS Code\bin;C:\Users\DanyelRoper\AppData\Local\atom\bin;C:\Users\DanyelRoper\AppData\Local\Android\Sdk\platform-tools;C:\Program Files\Java\jdk-14.0.2\bin;C:\Users\DanyelRoper\AppData\Local\Yarn\bin;C:\Users\DanyelRoper\AppData\Local\GitHubDesktop\bin;C:\PHP;C:\Users\DanyelRoper\AppData\Roaming\Composer\vendor\bin;C:\Users\DanyelRoper\AppData\Local\Microsoft\WindowsApps;C:\flutter\bin;C:\Users\DanyelRoper\AppData\Roaming\npm;
USERNAME=DanyelRoper
OS=Windows_NT
PROCESSOR_IDENTIFIER=Intel64 Family 6 Model 94 Stepping 3, GenuineIntel



---------------  S Y S T E M  ---------------

OS: Windows 10 , 64 bit Build 19041 (10.0.19041.1503)

CPU:total 8 (initial active 8) (4 cores per cpu, 2 threads per core) family 6 model 94 stepping 3, cmov, cx8, fxsr, mmx, sse, sse2, sse3, ssse3, sse4.1, sse4.2, popcnt, avx, avx2, aes, clmul, erms, rtm, 3dnowpref, lzcnt, ht, tsc, tscinvbit, bmi1, bmi2, adx, fma

Memory: 4k page, system-wide physical 32655M (6439M free)
TotalPageFile size 37632M (AvailPageFile size 487M)
current process WorkingSet (physical memory assigned to process): 10M, peak: 10M
current process commit charge ("private bytes"): 61M, peak: 573M

vm_info: Java HotSpot(TM) 64-Bit Server VM (12.0.1+12) for windows-amd64 JRE (12.0.1+12), built on Apr  2 2019 14:02:19 by "mach5one" with MS VC++ 15.5 (VS2017)

END.
